<?xml version="1.0" encoding="UTF-8"?>
<testsuite name="com.com.testmoodanalyser.MoodAnalyserTest" tests="1" skipped="0" failures="0" errors="0" timestamp="2019-11-26T06:02:46" hostname="admin142-desktop" time="0.003">
  <properties/>
  <testcase name="givenMessage_whenthemoodnull_shouldReturnHappy" classname="com.com.testmoodanalyser.MoodAnalyserTest" time="0.003"/>
  <system-out><![CDATA[handle null pointer
]]></system-out>
  <system-err><![CDATA[]]></system-err>
</testsuite>
