<?xml version="1.0" encoding="UTF-8"?>
<testsuite name="com.com.testmoodanalyser.MoodAnalyserTest" tests="1" skipped="0" failures="0" errors="0" timestamp="2019-11-26T04:35:07" hostname="admin142-desktop" time="0.004">
  <properties/>
  <testcase name="givenMessage_whenSad_shouldReturnSad" classname="com.com.testmoodanalyser.MoodAnalyserTest" time="0.004"/>
  <system-out><![CDATA[]]></system-out>
  <system-err><![CDATA[]]></system-err>
</testsuite>
