<?xml version="1.0" encoding="UTF-8"?>
<testsuite name="com.com.testmoodanalyser.MoodAnalyserTest" tests="1" skipped="0" failures="0" errors="0" timestamp="2019-11-26T07:30:37" hostname="admin142-desktop" time="0.001">
  <properties/>
  <testcase name="giveNullMoodShouldThrowException" classname="com.com.testmoodanalyser.MoodAnalyserTest" time="0.001"/>
  <system-out><![CDATA[]]></system-out>
  <system-err><![CDATA[]]></system-err>
</testsuite>
