<?xml version="1.0" encoding="UTF-8"?>
<testsuite name="com.testmoodanalyser.MoodAnalyserTest" tests="1" skipped="0" failures="0" errors="0" timestamp="2019-11-26T10:51:03" hostname="admin142-desktop" time="0.003">
  <properties/>
  <testcase name="givenMoodAnalyserClass_whenProper_ShouldEqualbject" classname="com.testmoodanalyser.MoodAnalyserTest" time="0.003"/>
  <system-out><![CDATA[-904473547
-904473547
]]></system-out>
  <system-err><![CDATA[]]></system-err>
</testsuite>
