<?xml version="1.0" encoding="UTF-8"?>
<testsuite name="com.testmoodanalyser.MoodAnalyserTest" tests="10" skipped="0" failures="0" errors="0" timestamp="2019-11-27T11:40:24" hostname="admin142-desktop" time="0.004">
  <properties/>
  <testcase name="givenMoodAnalyserClass_whenMethodNameIsImproper_shouldThrow_MoodAnalysisException" classname="com.testmoodanalyser.MoodAnalyserTest" time="0.001"/>
  <testcase name="giveNullMoodShouldThrowException" classname="com.testmoodanalyser.MoodAnalyserTest" time="0.0"/>
  <testcase name="givenMoodAnalyserClass_whenClassIsNameImproper_shouldThrow_MoodAnalysisException" classname="com.testmoodanalyser.MoodAnalyserTest" time="0.0"/>
  <testcase name="giveEmptyMoodShouldThrowException" classname="com.testmoodanalyser.MoodAnalyserTest" time="0.001"/>
  <testcase name="givenMessage_withdefaultConstructor_shouldReturnHappy" classname="com.testmoodanalyser.MoodAnalyserTest" time="0.0"/>
  <testcase name="givenMoodAnalyser_OnchangeMood_shouldReturnhappy" classname="com.testmoodanalyser.MoodAnalyserTest" time="0.0"/>
  <testcase name="givenMessage_whenthemoodnull_shouldReturnHappy" classname="com.testmoodanalyser.MoodAnalyserTest" time="0.0"/>
  <testcase name="givenMessage_whenSad_shouldReturnSad" classname="com.testmoodanalyser.MoodAnalyserTest" time="0.0"/>
  <testcase name="givenHappyMessage_withReflection_shouldReturnhappy" classname="com.testmoodanalyser.MoodAnalyserTest" time="0.0"/>
  <testcase name="givenMoodAnalyserClass_whenProper_ShouldReturnObject" classname="com.testmoodanalyser.MoodAnalyserTest" time="0.0"/>
  <system-out><![CDATA[]]></system-out>
  <system-err><![CDATA[]]></system-err>
</testsuite>
